[2025-10-27 11:03:59] - [32minfo[39m: server listening on port 3000
[2025-10-27 11:09:08] - [32minfo[39m: server listening on port 3000
[2025-10-27 11:09:34] - [32minfo[39m: server listening on port 3000
[2025-10-27 11:09:56] - [32minfo[39m: server listening on port 3000
[2025-10-27 11:10:48] - [32minfo[39m: server listening on port 3000
[2025-10-27 11:11:11] - [32minfo[39m: server listening on port 3000
[2025-10-27 11:11:13] - [32minfo[39m: server listening on port 3000
[2025-10-27 11:11:21] - [36mverbose[39m: [GET /users] -> 5 rekord küldve válaszként
[2025-10-27 11:12:20] - [36mverbose[39m: [GET /users] -> 1 rekord küldve válaszként
[2025-10-27 11:13:11] - [32minfo[39m: server listening on port 3000
[2025-10-27 11:13:25] - [32minfo[39m: server listening on port 3000
[2025-10-27 11:14:47] - [36mverbose[39m: [POST /users] -> undefined rekord küldve válaszként
[2025-10-27 11:14:53] - [36mverbose[39m: [GET /users] -> 6 rekord küldve válaszként
[2025-10-27 11:15:55] - [36mverbose[39m: [GET /users] -> undefined rekord küldve válaszként
[2025-10-27 11:15:56] - [36mverbose[39m: [GET /users] -> 5 rekord küldve válaszként
[2025-10-27 11:20:41] - [36mverbose[39m: [GET /wallets] -> 0 rekord küldve válaszként
[2025-10-27 11:20:43] - [36mverbose[39m: [POST /wallets] -> undefined rekord küldve válaszként
[2025-10-27 11:20:44] - [36mverbose[39m: [GET /wallets] -> 1 rekord küldve válaszként
[2025-10-27 11:21:44] - [36mverbose[39m: [POST /transactions] -> undefined rekord küldve válaszként
[2025-10-27 11:21:46] - [36mverbose[39m: [GET /transactions] -> 1 rekord küldve válaszként
[2025-10-27 11:21:55] - [36mverbose[39m: [GET /transactions] -> 1 rekord küldve válaszként
[2025-10-27 11:23:15] - [36mverbose[39m: [GET /categories] -> 0 rekord küldve válaszként
[2025-10-27 11:23:17] - [36mverbose[39m: [POST /categories] -> undefined rekord küldve válaszként
[2025-10-27 11:23:18] - [36mverbose[39m: [GET /categories] -> 1 rekord küldve válaszként
[2025-10-27 11:23:24] - [36mverbose[39m: [PATCH /categories] -> undefined rekord küldve válaszként
[2025-10-27 11:23:25] - [36mverbose[39m: [GET /categories] -> 1 rekord küldve válaszként
[2025-10-27 11:23:28] - [36mverbose[39m: [PATCH /categories] -> undefined rekord küldve válaszként
[2025-10-27 11:23:39] - [36mverbose[39m: [GET /categories] -> 0 rekord küldve válaszként
[2025-10-27 11:23:48] - [36mverbose[39m: [GET /categories] -> 1 rekord küldve válaszként
[2025-10-27 11:24:14] - [36mverbose[39m: [POST /categories] -> undefined rekord küldve válaszként
[2025-10-27 11:24:16] - [36mverbose[39m: [GET /categories] -> 2 rekord küldve válaszként
[2025-10-27 11:24:21] - [36mverbose[39m: [PATCH /categories] -> undefined rekord küldve válaszként
[2025-10-27 11:24:24] - [36mverbose[39m: [GET /categories] -> 2 rekord küldve válaszként
[2025-10-27 11:24:46] - [36mverbose[39m: [GET /users] -> 5 rekord küldve válaszként
[2025-10-27 11:24:48] - [36mverbose[39m: [GET /users] -> 5 rekord küldve válaszként
[2025-10-27 11:25:24] - [32minfo[39m: server listening on port 3000
[2025-10-27 11:25:26] - [32minfo[39m: server listening on port 3000
[2025-10-27 11:25:29] - [32minfo[39m: server listening on port 3000
[2025-10-27 11:25:31] - [32minfo[39m: server listening on port 3000
[2025-10-27 11:26:02] - [32minfo[39m: server listening on port 3000
[2025-10-27 11:26:44] - [36mverbose[39m: [GET /users] -> 5 rekord küldve válaszként
[2025-10-27 11:26:51] - [36mverbose[39m: [GET /wallets] -> 1 rekord küldve válaszként
[2025-10-27 11:33:50] - [32minfo[39m: server listening on port 3000
[2025-10-27 11:33:52] - [32minfo[39m: server listening on port 3000
[2025-10-27 11:34:06] - [32minfo[39m: server listening on port 3000
[2025-10-27 11:57:10] - [36mverbose[39m: [AUTH /register] user létrehozva: csipicsupirubiraba@gmail.hu
<<<<<<< HEAD
[2025-10-27 11:58:28] - [36mverbose[39m: [GET /users] -> 6 rekord küldve válaszként
=======
[2025-10-27 12:06:49] - [36mverbose[39m: [AUTH /register] user létrehozva: mr.erik402@gmail.com
<<<<<<< HEAD
[2025-10-27 12:10:32] - [36mverbose[39m: [AUTH /login] bejelentkezve: mr.erik402@gmail.com
[2025-10-27 12:11:11] - [36mverbose[39m: [AUTH /login] bejelentkezve: mr.erik402@gmail.com
=======
>>>>>>> f1d419bd41c6487e93b84a5261428887ea486c7e
>>>>>>> 2ac23727c22e971370cd9f91568a35250ab4485d
[2025-10-28 08:43:45] - [36mverbose[39m: [AUTH /login] bejelentkezve: mr.erik402@gmail.com
[2025-10-28 08:44:40] - [36mverbose[39m: [AUTH /logout] kijelentkezve: mr.erik402@gmail.com
[2025-10-28 08:56:11] - [36mverbose[39m: [AUTH /login] bejelentkezve: mr.erik402@gmail.com
[2025-10-28 08:56:29] - [36mverbose[39m: [AUTH /change-password] jelszó megváltoztatva: mr.erik402@gmail.com
[2025-10-28 08:56:33] - [36mverbose[39m: [AUTH /logout] kijelentkezve: mr.erik402@gmail.com
[2025-10-28 08:56:47] - [36mverbose[39m: [AUTH /login] bejelentkezve: mr.erik402@gmail.com
[2025-10-28 08:56:51] - [36mverbose[39m: [AUTH /logout] kijelentkezve: mr.erik402@gmail.com
[2025-10-28 09:41:58] - [36mverbose[39m: [AUTH /login] bejelentkezve: mr.erik402@gmail.com
[2025-10-28 09:42:17] - [36mverbose[39m: [PATCH /users] -> undefined rekord küldve válaszként
[2025-10-28 09:44:39] - [36mverbose[39m: [AUTH /login] bejelentkezve: mr.erik402@gmail.com
[2025-10-28 09:44:47] - [36mverbose[39m: [AUTH /update-profile] profil frissítve: 85ce617f-b48b-4135-a31a-e31ce7a0bc4d
[2025-10-28 09:44:58] - [36mverbose[39m: [AUTH /update-profile] profil frissítve: 85ce617f-b48b-4135-a31a-e31ce7a0bc4d
[2025-10-28 09:45:06] - [36mverbose[39m: [AUTH /update-profile] profil frissítve: 85ce617f-b48b-4135-a31a-e31ce7a0bc4d
[2025-10-28 09:45:17] - [36mverbose[39m: [GET /users] -> undefined rekord küldve válaszként
[2025-10-28 09:45:32] - [36mverbose[39m: [AUTH /login] bejelentkezve: mr.erik402@gmail.com
[2025-10-28 09:59:14] - [36mverbose[39m: [AUTH /login] bejelentkezve: mr.erik402@gmail.com
[2025-10-28 09:59:25] - [36mverbose[39m: [AUTH /delete-account] fiók törölve: mr.erik402@gmail.com
[2025-10-29 08:43:02] - [36mverbose[39m: [AUTH /register] user létrehozva: gasdgadsgasglksmdgbasdk@gmail.com
[2025-10-29 08:43:32] - [36mverbose[39m: [AUTH /register] user létrehozva: gasdgadsgasglksmdgb2asdk@gmail.com
[2025-10-29 08:43:39] - [36mverbose[39m: [AUTH /login] bejelentkezve: gasdgadsgasglksmdgb2asdk@gmail.com
[2025-10-29 08:51:49] - [36mverbose[39m: [GET /wallets] -> 1 rekord küldve válaszként
[2025-10-29 08:52:25] - [36mverbose[39m: [GET /wallets] -> 1 rekord küldve válaszként
[2025-10-29 08:52:32] - [36mverbose[39m: [GET /wallets] -> 1 rekord küldve válaszként
[2025-10-29 08:52:50] - [36mverbose[39m: [GET /wallets] -> 1 rekord küldve válaszként
[2025-10-29 08:52:56] - [36mverbose[39m: [GET /wallets] -> 1 rekord küldve válaszként
[2025-10-29 08:54:15] - [36mverbose[39m: [GET /wallets] -> 1 rekord küldve válaszként
[2025-10-29 08:54:19] - [36mverbose[39m: [GET /wallets] -> 1 rekord küldve válaszként
[2025-10-29 08:54:23] - [36mverbose[39m: [GET /wallets] -> 1 rekord küldve válaszként
[2025-10-29 08:54:35] - [36mverbose[39m: [PATCH /wallets] -> undefined rekord küldve válaszként
[2025-10-29 08:54:35] - [36mverbose[39m: [GET /wallets] -> 1 rekord küldve válaszként
[2025-10-29 08:54:37] - [36mverbose[39m: [GET /wallets] -> 1 rekord küldve válaszként
[2025-10-29 08:54:45] - [36mverbose[39m: [PATCH /wallets] -> undefined rekord küldve válaszként
[2025-10-29 08:54:45] - [36mverbose[39m: [GET /wallets] -> 1 rekord küldve válaszként
[2025-10-29 08:55:12] - [36mverbose[39m: [GET /wallets] -> undefined rekord küldve válaszként
[2025-10-29 08:55:12] - [36mverbose[39m: [GET /wallets] -> 0 rekord küldve válaszként
[2025-10-29 08:55:23] - [36mverbose[39m: [GET /wallets] -> 0 rekord küldve válaszként
[2025-10-29 08:55:24] - [36mverbose[39m: [GET /wallets] -> 0 rekord küldve válaszként
[2025-10-29 08:55:31] - [36mverbose[39m: [GET /wallets] -> 0 rekord küldve válaszként
[2025-10-29 08:55:36] - [36mverbose[39m: [GET /wallets] -> 0 rekord küldve válaszként
[2025-10-29 08:56:39] - [36mverbose[39m: [GET /wallets] -> 0 rekord küldve válaszként
[2025-10-29 08:58:15] - [36mverbose[39m: [GET /wallets] -> 0 rekord küldve válaszként
[2025-10-29 08:58:19] - [36mverbose[39m: [GET /wallets] -> 0 rekord küldve válaszként
[2025-10-29 08:59:09] - [36mverbose[39m: [GET /wallets] -> 0 rekord küldve válaszként
[2025-10-29 08:59:16] - [36mverbose[39m: [GET /wallets] -> 0 rekord küldve válaszként
[2025-10-29 09:00:16] - [36mverbose[39m: [GET /wallets] -> 0 rekord küldve válaszként
[2025-10-29 09:00:43] - [36mverbose[39m: [GET /wallets] -> 0 rekord küldve válaszként
[2025-10-29 09:01:01] - [36mverbose[39m: [GET /wallets] -> 0 rekord küldve válaszként
[2025-10-29 09:01:44] - [36mverbose[39m: [GET /wallets] -> 0 rekord küldve válaszként
[2025-10-29 09:01:58] - [36mverbose[39m: [GET /wallets] -> 0 rekord küldve válaszként
[2025-10-29 09:02:31] - [36mverbose[39m: [GET /wallets] -> 0 rekord küldve válaszként
[2025-10-29 09:02:56] - [36mverbose[39m: [GET /wallets] -> 0 rekord küldve válaszként
[2025-10-29 09:03:13] - [36mverbose[39m: [GET /wallets] -> 0 rekord küldve válaszként
[2025-10-29 09:03:26] - [36mverbose[39m: [GET /wallets] -> 0 rekord küldve válaszként
[2025-10-29 09:03:58] - [36mverbose[39m: [GET /wallets] -> 0 rekord küldve válaszként
[2025-10-29 09:04:03] - [36mverbose[39m: [GET /wallets] -> 0 rekord küldve válaszként
[2025-10-29 09:05:58] - [36mverbose[39m: [GET /wallets] -> 0 rekord küldve válaszként
[2025-10-29 09:06:18] - [36mverbose[39m: [POST /wallets] -> undefined rekord küldve válaszként
[2025-10-29 09:06:18] - [36mverbose[39m: [GET /wallets] -> 1 rekord küldve válaszként
[2025-10-29 09:06:27] - [36mverbose[39m: [GET /wallets] -> 1 rekord küldve válaszként
[2025-10-29 09:06:31] - [36mverbose[39m: [PATCH /wallets] -> undefined rekord küldve válaszként
[2025-10-29 09:06:31] - [36mverbose[39m: [GET /wallets] -> 1 rekord küldve válaszként
